Error[105]   C:\USERS\JOSUé REMBAO\DOCUMENTS\ESCUELA\SISTEMAS PROGRAMABLES\SECUENCIADOR DE UNA FASE\SECUENCIADOR.ASM 3 : Cannot open file (Include File "p16F84A.inq" not found)
Warning[207] C:\USERS\JOSUé REMBAO\DOCUMENTS\ESCUELA\SISTEMAS PROGRAMABLES\SECUENCIADOR DE UNA FASE\SECUENCIADOR.ASM 6 : Found label after column 1. (DELCNTRL1)
Error[113]   C:\USERS\JOSUé REMBAO\DOCUMENTS\ESCUELA\SISTEMAS PROGRAMABLES\SECUENCIADOR DE UNA FASE\SECUENCIADOR.ASM 10 : Symbol not previously defined (STATUS)
Error[113]   C:\USERS\JOSUé REMBAO\DOCUMENTS\ESCUELA\SISTEMAS PROGRAMABLES\SECUENCIADOR DE UNA FASE\SECUENCIADOR.ASM 10 : Symbol not previously defined (RP0)
Error[113]   C:\USERS\JOSUé REMBAO\DOCUMENTS\ESCUELA\SISTEMAS PROGRAMABLES\SECUENCIADOR DE UNA FASE\SECUENCIADOR.ASM 12 : Symbol not previously defined (TRISA)
Error[113]   C:\USERS\JOSUé REMBAO\DOCUMENTS\ESCUELA\SISTEMAS PROGRAMABLES\SECUENCIADOR DE UNA FASE\SECUENCIADOR.ASM 14 : Symbol not previously defined (TRISB)
Error[113]   C:\USERS\JOSUé REMBAO\DOCUMENTS\ESCUELA\SISTEMAS PROGRAMABLES\SECUENCIADOR DE UNA FASE\SECUENCIADOR.ASM 15 : Symbol not previously defined (STATUS)
Error[113]   C:\USERS\JOSUé REMBAO\DOCUMENTS\ESCUELA\SISTEMAS PROGRAMABLES\SECUENCIADOR DE UNA FASE\SECUENCIADOR.ASM 15 : Symbol not previously defined (RP0)
Error[113]   C:\USERS\JOSUé REMBAO\DOCUMENTS\ESCUELA\SISTEMAS PROGRAMABLES\SECUENCIADOR DE UNA FASE\SECUENCIADOR.ASM 19 : Symbol not previously defined (PORTA)
Error[113]   C:\USERS\JOSUé REMBAO\DOCUMENTS\ESCUELA\SISTEMAS PROGRAMABLES\SECUENCIADOR DE UNA FASE\SECUENCIADOR.ASM 19 : Symbol not previously defined (RA0)
Error[113]   C:\USERS\JOSUé REMBAO\DOCUMENTS\ESCUELA\SISTEMAS PROGRAMABLES\SECUENCIADOR DE UNA FASE\SECUENCIADOR.ASM 21 : Symbol not previously defined (PORTA)
Error[113]   C:\USERS\JOSUé REMBAO\DOCUMENTS\ESCUELA\SISTEMAS PROGRAMABLES\SECUENCIADOR DE UNA FASE\SECUENCIADOR.ASM 21 : Symbol not previously defined (RA0)
Error[113]   C:\USERS\JOSUé REMBAO\DOCUMENTS\ESCUELA\SISTEMAS PROGRAMABLES\SECUENCIADOR DE UNA FASE\SECUENCIADOR.ASM 22 : Symbol not previously defined (PORTA)
Error[113]   C:\USERS\JOSUé REMBAO\DOCUMENTS\ESCUELA\SISTEMAS PROGRAMABLES\SECUENCIADOR DE UNA FASE\SECUENCIADOR.ASM 22 : Symbol not previously defined (RA4)
Error[113]   C:\USERS\JOSUé REMBAO\DOCUMENTS\ESCUELA\SISTEMAS PROGRAMABLES\SECUENCIADOR DE UNA FASE\SECUENCIADOR.ASM 25 : Symbol not previously defined (PORTA)
Error[113]   C:\USERS\JOSUé REMBAO\DOCUMENTS\ESCUELA\SISTEMAS PROGRAMABLES\SECUENCIADOR DE UNA FASE\SECUENCIADOR.ASM 25 : Symbol not previously defined (RA1)
Error[113]   C:\USERS\JOSUé REMBAO\DOCUMENTS\ESCUELA\SISTEMAS PROGRAMABLES\SECUENCIADOR DE UNA FASE\SECUENCIADOR.ASM 27 : Symbol not previously defined (PORTA)
Error[113]   C:\USERS\JOSUé REMBAO\DOCUMENTS\ESCUELA\SISTEMAS PROGRAMABLES\SECUENCIADOR DE UNA FASE\SECUENCIADOR.ASM 27 : Symbol not previously defined (RA1)
Error[113]   C:\USERS\JOSUé REMBAO\DOCUMENTS\ESCUELA\SISTEMAS PROGRAMABLES\SECUENCIADOR DE UNA FASE\SECUENCIADOR.ASM 28 : Symbol not previously defined (PORTA)
Error[113]   C:\USERS\JOSUé REMBAO\DOCUMENTS\ESCUELA\SISTEMAS PROGRAMABLES\SECUENCIADOR DE UNA FASE\SECUENCIADOR.ASM 28 : Symbol not previously defined (RA4)
Error[113]   C:\USERS\JOSUé REMBAO\DOCUMENTS\ESCUELA\SISTEMAS PROGRAMABLES\SECUENCIADOR DE UNA FASE\SECUENCIADOR.ASM 31 : Symbol not previously defined (PORTA)
Error[113]   C:\USERS\JOSUé REMBAO\DOCUMENTS\ESCUELA\SISTEMAS PROGRAMABLES\SECUENCIADOR DE UNA FASE\SECUENCIADOR.ASM 31 : Symbol not previously defined (RA2)
Error[113]   C:\USERS\JOSUé REMBAO\DOCUMENTS\ESCUELA\SISTEMAS PROGRAMABLES\SECUENCIADOR DE UNA FASE\SECUENCIADOR.ASM 33 : Symbol not previously defined (PORTA)
Error[113]   C:\USERS\JOSUé REMBAO\DOCUMENTS\ESCUELA\SISTEMAS PROGRAMABLES\SECUENCIADOR DE UNA FASE\SECUENCIADOR.ASM 33 : Symbol not previously defined (RA2)
Error[113]   C:\USERS\JOSUé REMBAO\DOCUMENTS\ESCUELA\SISTEMAS PROGRAMABLES\SECUENCIADOR DE UNA FASE\SECUENCIADOR.ASM 34 : Symbol not previously defined (PORTA)
Error[113]   C:\USERS\JOSUé REMBAO\DOCUMENTS\ESCUELA\SISTEMAS PROGRAMABLES\SECUENCIADOR DE UNA FASE\SECUENCIADOR.ASM 34 : Symbol not previously defined (RA4)
Error[113]   C:\USERS\JOSUé REMBAO\DOCUMENTS\ESCUELA\SISTEMAS PROGRAMABLES\SECUENCIADOR DE UNA FASE\SECUENCIADOR.ASM 37 : Symbol not previously defined (PORTA)
Error[113]   C:\USERS\JOSUé REMBAO\DOCUMENTS\ESCUELA\SISTEMAS PROGRAMABLES\SECUENCIADOR DE UNA FASE\SECUENCIADOR.ASM 37 : Symbol not previously defined (RA3)
Error[113]   C:\USERS\JOSUé REMBAO\DOCUMENTS\ESCUELA\SISTEMAS PROGRAMABLES\SECUENCIADOR DE UNA FASE\SECUENCIADOR.ASM 39 : Symbol not previously defined (PORTA)
Error[113]   C:\USERS\JOSUé REMBAO\DOCUMENTS\ESCUELA\SISTEMAS PROGRAMABLES\SECUENCIADOR DE UNA FASE\SECUENCIADOR.ASM 39 : Symbol not previously defined (RA3)
Error[113]   C:\USERS\JOSUé REMBAO\DOCUMENTS\ESCUELA\SISTEMAS PROGRAMABLES\SECUENCIADOR DE UNA FASE\SECUENCIADOR.ASM 40 : Symbol not previously defined (PORTA)
Error[113]   C:\USERS\JOSUé REMBAO\DOCUMENTS\ESCUELA\SISTEMAS PROGRAMABLES\SECUENCIADOR DE UNA FASE\SECUENCIADOR.ASM 40 : Symbol not previously defined (RA4)
Error[113]   C:\USERS\JOSUé REMBAO\DOCUMENTS\ESCUELA\SISTEMAS PROGRAMABLES\SECUENCIADOR DE UNA FASE\SECUENCIADOR.ASM 46 : Symbol not previously defined (PORTB)
Error[113]   C:\USERS\JOSUé REMBAO\DOCUMENTS\ESCUELA\SISTEMAS PROGRAMABLES\SECUENCIADOR DE UNA FASE\SECUENCIADOR.ASM 47 : Symbol not previously defined (VARIABLE)
Error[113]   C:\USERS\JOSUé REMBAO\DOCUMENTS\ESCUELA\SISTEMAS PROGRAMABLES\SECUENCIADOR DE UNA FASE\SECUENCIADOR.ASM 51 : Symbol not previously defined (VARIABLE)
